<?xml version="1.0" encoding="UTF-8"?>
<!-- Generated by org.testng.reporters.JUnitXMLReporter -->
<testsuite ignored="0" hostname="DESKTOP-S69J7S3" failures="0" tests="3" name="Test Login Form " time="48.828" errors="0" timestamp="2022-10-05T17:23:13 EET">
  <testcase classname="ScenarioSteps.RunLoginScenario" name="invalidLogin" time="8.265"/>
  <testcase classname="ScenarioSteps.RunLoginScenario" name="invalidLogin" time="7.922"/>
  <testcase classname="ScenarioSteps.RunLoginScenario" name="validLogin" time="5.935"/>
</testsuite> <!-- Test Login Form  -->
