<?xml version="1.0" encoding="UTF-8"?>
<!-- Generated by org.testng.reporters.JUnitReportReporter -->
<testsuite hostname="DESKTOP-S69J7S3" failures="0" tests="3" name="ScenarioSteps.RunLoginScenario" time="46.997" errors="0" timestamp="2022-10-05T17:23:13 EET" skipped="0">
  <testcase classname="ScenarioSteps.RunLoginScenario" name="invalidLogin" time="18.919"/>
  <system-out/>
  <testcase classname="ScenarioSteps.RunLoginScenario" name="invalidLogin" time="14.918"/>
  <system-out/>
  <testcase classname="ScenarioSteps.RunLoginScenario" name="validLogin" time="13.160"/>
  <system-out/>
</testsuite> <!-- ScenarioSteps.RunLoginScenario -->
